<?xml version="1.0" encoding="UTF-8"?>
<!-- Generated by org.testng.reporters.JUnitReportReporter -->
<testsuite hostname="Home" failures="0" tests="1" name="cucumberOptions.TestNGTestRunner" time="40.282" errors="0" timestamp="2024-05-27T23:28:44 SAST" skipped="0">
  <testcase classname="cucumberOptions.TestNGTestRunner" name="runScenario" time="40.282"/>
</testsuite> <!-- cucumberOptions.TestNGTestRunner -->
